<?xml version="1.0" encoding="UTF-8"?>
<robot generator="Robot 3.2.2 (Python 3.11.4 on win32)" generated="20230818 08:09:38.230" rpa="false">
<suite id="s1" name="Script" source="C:\Users\Kenesu\Desktop\qa\test\acceptance-test\script">
<suite id="s1-s1" name="1 Payment Scenario" source="C:\Users\Kenesu\Desktop\qa\test\acceptance-test\script\1_payment_scenario">
<suite id="s1-s1-s1" name="Resources" source="C:\Users\Kenesu\Desktop\qa\test\acceptance-test\script\1_payment_scenario\resources">
<suite id="s1-s1-s1-s1" name="Test1" source="C:\Users\Kenesu\Desktop\qa\test\acceptance-test\script\1_payment_scenario\resources\test1.robot">
<test id="s1-s1-s1-s1-t1" name="Generate Unique Email">
<kw name="Generate Random Number" library="test">
<kw name="Generate Random String" library="String">
<doc>Generates a string with a desired ``length`` from the given ``chars``.</doc>
<assign>
<var>${randomNum}</var>
</assign>
<msg timestamp="20230818 08:09:38.591" level="INFO">${randomNum} = JJxfXRfb</msg>
<status status="PASS" starttime="20230818 08:09:38.590" endtime="20230818 08:09:38.591"></status>
</kw>
<kw name="Set Test Variable" library="BuiltIn">
<doc>Makes a variable available everywhere within the scope of the current test.</doc>
<arguments>
<arg>${randomNum}</arg>
</arguments>
<msg timestamp="20230818 08:09:38.592" level="INFO">${randomNum} = JJxfXRfb</msg>
<status status="PASS" starttime="20230818 08:09:38.591" endtime="20230818 08:09:38.593"></status>
</kw>
<status status="PASS" starttime="20230818 08:09:38.590" endtime="20230818 08:09:38.593"></status>
</kw>
<kw name="Set Test Variable" library="BuiltIn">
<doc>Makes a variable available everywhere within the scope of the current test.</doc>
<arguments>
<arg>${randomNum}</arg>
</arguments>
<msg timestamp="20230818 08:09:38.593" level="INFO">${randomNum} = JJxfXRfb</msg>
<status status="PASS" starttime="20230818 08:09:38.593" endtime="20230818 08:09:38.594"></status>
</kw>
<status status="PASS" starttime="20230818 08:09:38.589" endtime="20230818 08:09:38.594" critical="yes"></status>
</test>
<status status="PASS" starttime="20230818 08:09:38.298" endtime="20230818 08:09:38.595"></status>
</suite>
<status status="PASS" starttime="20230818 08:09:38.295" endtime="20230818 08:09:38.597"></status>
</suite>
<status status="PASS" starttime="20230818 08:09:38.292" endtime="20230818 08:09:38.599"></status>
</suite>
<status status="PASS" starttime="20230818 08:09:38.268" endtime="20230818 08:09:38.601"></status>
</suite>
<statistics>
<total>
<stat pass="1" fail="0">Critical Tests</stat>
<stat pass="1" fail="0">All Tests</stat>
</total>
<tag>
</tag>
<suite>
<stat pass="1" fail="0" id="s1" name="Script">Script</stat>
<stat pass="1" fail="0" id="s1-s1" name="1 Payment Scenario">Script.1 Payment Scenario</stat>
<stat pass="1" fail="0" id="s1-s1-s1" name="Resources">Script.1 Payment Scenario.Resources</stat>
<stat pass="1" fail="0" id="s1-s1-s1-s1" name="Test1">Script.1 Payment Scenario.Resources.Test1</stat>
</suite>
</statistics>
<errors>
<msg timestamp="20230818 08:09:38.587" level="ERROR">Error in file 'C:\Users\Kenesu\Desktop\qa\test\acceptance-test\script\1_payment_scenario\resources\test.robot' on line 4: Error in file 'C:\Users\Kenesu\Desktop\qa\test\acceptance-test\script\1_payment_scenario\resources\test1.robot' on line 10: Resource file with 'Test Cases' section is invalid.</msg>
</errors>
</robot>
